enter <program> 1
-->found {
  enter <statement> 1
    enter <assignment> 1
    -->found let
    -->found ID: i
    -->found :=
      enter <expression> 1
        enter <boolean> 1
          enter <relation> 1
            enter <term> 1
              enter <factor> 1
                enter <unary> 1
                -->found INTLIT: 2
                exit <unary> 1
              exit <factor> 1
            exit <term> 1
          exit <relation> 1
        exit <boolean> 1
      exit <expression> 1
    -->found ;
    exit <assignment> 1
  exit <statement> 1
  enter <statement> 2
    enter <assignment> 2
    -->found let
    -->found ID: j
    -->found :=
      enter <expression> 2
        enter <boolean> 2
          enter <relation> 2
            enter <term> 2
              enter <factor> 2
                enter <unary> 2
                -->found INTLIT: 50
                exit <unary> 2
              exit <factor> 2
            exit <term> 2
          exit <relation> 2
        exit <boolean> 2
      exit <expression> 2
    -->found ;
    exit <assignment> 2
  exit <statement> 2
  enter <statement> 3
    enter <conditional> 1
    -->found if
    -->found (
      enter <expression> 3
        enter <boolean> 3
          enter <relation> 3
            enter <term> 3
              enter <factor> 3
                enter <unary> 3
                -->found ID: i
                exit <unary> 3
              exit <factor> 3
            exit <term> 3
          exit <relation> 3
        -->found >
          enter <relation> 4
            enter <term> 4
              enter <factor> 4
                enter <unary> 4
                -->found ID: j
                exit <unary> 4
              exit <factor> 4
            exit <term> 4
          exit <relation> 4
        exit <boolean> 3
      exit <expression> 3
    -->found )
      enter <program> 2
      -->found {
        enter <statement> 4
          enter <assignment> 3
          -->found let
          -->found ID: k
          -->found :=
            enter <expression> 4
              enter <boolean> 4
                enter <relation> 5
                  enter <term> 5
                    enter <factor> 5
                      enter <unary> 5
                      -->found INTLIT: 2
                      exit <unary> 5
                    exit <factor> 5
                  -->found *
                    enter <factor> 6
                      enter <unary> 6
                      -->found ID: i
                      exit <unary> 6
                    exit <factor> 6
                  exit <term> 5
                -->found +
                  enter <term> 6
                    enter <factor> 7
                      enter <unary> 7
                      -->found ID: j
                      exit <unary> 7
                    exit <factor> 7
                  exit <term> 6
                exit <relation> 5
              exit <boolean> 4
            exit <expression> 4
          -->found ;
          exit <assignment> 3
        exit <statement> 4
        enter <statement> 5
          enter <output> 1
          -->found print
          -->found string: "k: "
          -->found ID: k
          -->found ;
          exit <output> 1
        exit <statement> 5
      -->found }
      exit <program> 2
    -->found else
      enter <program> 3
      -->found {
        enter <statement> 6
          enter <assignment> 4
          -->found let
          -->found ID: k
          -->found :=
            enter <expression> 5
              enter <boolean> 5
                enter <relation> 6
                  enter <term> 7
                    enter <factor> 8
                      enter <unary> 8
                      -->found ID: i
                      exit <unary> 8
                    exit <factor> 8
                  -->found *
                    enter <factor> 9
                      enter <unary> 9
                      -->found ID: j
                      exit <unary> 9
                    exit <factor> 9
                  exit <term> 7
                -->found +
                  enter <term> 8
                    enter <factor> 10
                      enter <unary> 10
                      -->found INTLIT: 2
                      exit <unary> 10
                    exit <factor> 10
                  exit <term> 8
                exit <relation> 6
              exit <boolean> 5
            exit <expression> 5
          -->found ;
          exit <assignment> 4
        exit <statement> 6
        enter <statement> 7
          enter <output> 2
          -->found print
          -->found string: "k: "
          -->found ID: k
          -->found ;
          exit <output> 2
        exit <statement> 7
      -->found }
      exit <program> 3
    exit <conditional> 1
  exit <statement> 3
-->found }
exit <program> 1

=== GO BULLDOGS! Your parse was successful! ===

User Defined Symbols:
i
j
k
