enter <program> 1
-->found {
  enter <statement> 1
    enter <assignment> 1
    -->found let
    -->found ID: i
    -->found :=
      enter <expression> 1
        enter <boolean> 1
          enter <relation> 1
            enter <term> 1
              enter <factor> 1
                enter <unary> 1
                -->found INTLIT: 1
                exit <unary> 1
              exit <factor> 1
            exit <term> 1
          exit <relation> 1
        exit <boolean> 1
      exit <expression> 1
    -->found ;
    exit <assignment> 1
  exit <statement> 1
  enter <statement> 2
    enter <assignment> 2
    -->found let
    -->found ID: j
    -->found :=
      enter <expression> 2
        enter <boolean> 2
          enter <relation> 2
            enter <term> 2
              enter <factor> 2
                enter <unary> 2
                -->found INTLIT: 5
                exit <unary> 2
              exit <factor> 2
            exit <term> 2
          exit <relation> 2
        exit <boolean> 2
      exit <expression> 2
    -->found ;
    exit <assignment> 2
  exit <statement> 2
  enter <statement> 3
    enter <get> 1
    -->found read
    -->found string: "input a number: "
    -->found ID: k

***ERROR: uninitialized identifier used in read statement
